<?xml version="1.0" encoding="UTF-8"?>
<!-- Generated by org.testng.reporters.JUnitXMLReporter -->
<testsuite hostname="Gugas-MacBook-Air.local" ignored="14" name="TestNG-Test" tests="4" failures="0" timestamp="22 Apr 2017 02:31:32 GMT" time="0.088" errors="0">
  <testcase name="test1" time="0.018" classname="testngtests.TestNGAnnotations"/>
  <testcase name="cats" time="0.002" classname="testngtests.TestNGGroup"/>
  <testcase name="dogs" time="0.002" classname="testngtests.TestNGGroup"/>
  <testcase name="fish" time="0.002" classname="testngtests.TestNGGroup"/>
  <testcase name="apples" time="0.0" classname="testngtests.TestNGGroup">
    <ignored/>
  </testcase> <!-- apples -->
  <testcase name="grapes" time="0.0" classname="testngtests.TestNGGroup">
    <ignored/>
  </testcase> <!-- grapes -->
  <testcase name="one" time="0.0" classname="testngtests.TestNGPrioritizing">
    <ignored/>
  </testcase> <!-- one -->
  <testcase name="login" time="0.0" classname="testngtests.TestNGDependencyTest">
    <ignored/>
  </testcase> <!-- login -->
  <testcase name="two" time="0.0" classname="testngtests.TestNGPrioritizing">
    <ignored/>
  </testcase> <!-- two -->
  <testcase name="test2" time="0.0" classname="testngtests.TestNGAnnotations">
    <ignored/>
  </testcase> <!-- test2 -->
  <testcase name="three" time="0.0" classname="testngtests.TestNGPrioritizing">
    <ignored/>
  </testcase> <!-- three -->
  <testcase name="cucumbers" time="0.0" classname="testngtests.TestNGGroup">
    <ignored/>
  </testcase> <!-- cucumbers -->
  <testcase name="assertionTest" time="0.0" classname="testngtests.TestNGAssertions">
    <ignored/>
  </testcase> <!-- assertionTest -->
  <testcase name="launchDriver" time="0.0" classname="testngtests.TestNGDependencyTest">
    <ignored/>
  </testcase> <!-- launchDriver -->
  <testcase name="four" time="0.0" classname="testngtests.TestNGPrioritizing">
    <ignored/>
  </testcase> <!-- four -->
  <testcase name="softAssertionTest" time="0.0" classname="testngtests.TestNGAssertions">
    <ignored/>
  </testcase> <!-- softAssertionTest -->
  <testcase name="oranges" time="0.0" classname="testngtests.TestNGGroup">
    <ignored/>
  </testcase> <!-- oranges -->
  <testcase name="alogout" time="0.0" classname="testngtests.TestNGDependencyTest">
    <ignored/>
  </testcase> <!-- alogout -->
</testsuite> <!-- TestNG-Test -->
